<?xml version="1.0" encoding="UTF-8"?>
<testsuite name="DBDAOTests" tests="12" skipped="0" failures="0" errors="0" timestamp="2019-08-08T11:29:55" hostname="DESKTOP-J3A7U0R" time="0.674">
  <properties/>
  <testcase name="insertWaybillTest" classname="DBDAOTests" time="0.064"/>
  <testcase name="deleteOrganizationTest" classname="DBDAOTests" time="0.043"/>
  <testcase name="updateOrganizationTest" classname="DBDAOTests" time="0.044"/>
  <testcase name="deletePositionTest" classname="DBDAOTests" time="0.041"/>
  <testcase name="insertPositionTest" classname="DBDAOTests" time="0.047"/>
  <testcase name="updatePositionTest" classname="DBDAOTests" time="0.167"/>
  <testcase name="updateWaybillTest" classname="DBDAOTests" time="0.045"/>
  <testcase name="insertNomenclatureTest" classname="DBDAOTests" time="0.045"/>
  <testcase name="deleteWaybillTest" classname="DBDAOTests" time="0.046"/>
  <testcase name="insertOrganizationTest" classname="DBDAOTests" time="0.045"/>
  <testcase name="deleteNomenclatureTest" classname="DBDAOTests" time="0.045"/>
  <testcase name="updateNomenclatureTest" classname="DBDAOTests" time="0.04"/>
  <system-out><![CDATA[]]></system-out>
  <system-err><![CDATA[авг. 08, 2019 2:29:55 PM org.flywaydb.core.internal.license.VersionPrinter printVersionOnly
INFO: Flyway Community Edition 6.0.0-beta2 by Boxfuse
авг. 08, 2019 2:29:55 PM org.flywaydb.core.internal.database.DatabaseFactory createDatabase
INFO: Database: jdbc:postgresql://127.0.0.1:5432/MailRuHW4 (PostgreSQL 11.4)
авг. 08, 2019 2:29:55 PM org.flywaydb.core.internal.command.DbClean cleanSchema
INFO: Successfully cleaned schema "public" (execution time 00:00.054s)
авг. 08, 2019 2:29:55 PM org.flywaydb.core.internal.command.DbValidate validate
INFO: Successfully validated 2 migrations (execution time 00:00.037s)
авг. 08, 2019 2:29:55 PM org.flywaydb.core.internal.schemahistory.JdbcTableSchemaHistory create
INFO: Creating Schema History table "public"."flyway_schema_history" ...
авг. 08, 2019 2:29:55 PM org.flywaydb.core.internal.command.DbMigrate migrateGroup
INFO: Current version of schema "public": << Empty Schema >>
авг. 08, 2019 2:29:55 PM org.flywaydb.core.internal.command.DbMigrate doMigrateGroup
INFO: Migrating schema "public" to version 1.2 - Create tables
авг. 08, 2019 2:29:55 PM org.flywaydb.core.internal.command.DbMigrate doMigrateGroup
INFO: Migrating schema "public" to version 1.3 - Fill tables
авг. 08, 2019 2:29:55 PM org.flywaydb.core.internal.command.DbMigrate logSummary
INFO: Successfully applied 2 migrations to schema "public" (execution time 00:00.239s)
]]></system-err>
</testsuite>
