<?xml version="1.0" encoding="UTF-8"?>
<testsuite name="DBDAOTests" tests="12" skipped="0" failures="0" errors="0" timestamp="2019-08-11T16:25:41" hostname="DESKTOP-J3A7U0R" time="0.714">
  <properties/>
  <testcase name="insertWaybillTest" classname="DBDAOTests" time="0.109"/>
  <testcase name="deleteOrganizationTest" classname="DBDAOTests" time="0.068"/>
  <testcase name="updateOrganizationTest" classname="DBDAOTests" time="0.045"/>
  <testcase name="deletePositionTest" classname="DBDAOTests" time="0.046"/>
  <testcase name="insertPositionTest" classname="DBDAOTests" time="0.086"/>
  <testcase name="updatePositionTest" classname="DBDAOTests" time="0.045"/>
  <testcase name="updateWaybillTest" classname="DBDAOTests" time="0.046"/>
  <testcase name="insertNomenclatureTest" classname="DBDAOTests" time="0.046"/>
  <testcase name="deleteWaybillTest" classname="DBDAOTests" time="0.067"/>
  <testcase name="insertOrganizationTest" classname="DBDAOTests" time="0.056"/>
  <testcase name="deleteNomenclatureTest" classname="DBDAOTests" time="0.053"/>
  <testcase name="updateNomenclatureTest" classname="DBDAOTests" time="0.044"/>
  <system-out><![CDATA[]]></system-out>
  <system-err><![CDATA[авг. 11, 2019 7:25:40 PM org.flywaydb.core.internal.license.VersionPrinter printVersionOnly
INFO: Flyway Community Edition 6.0.0-beta2 by Boxfuse
авг. 11, 2019 7:25:40 PM org.flywaydb.core.internal.database.DatabaseFactory createDatabase
INFO: Database: jdbc:postgresql://127.0.0.1:5432/MailRuHW4 (PostgreSQL 11.4)
авг. 11, 2019 7:25:41 PM org.flywaydb.core.internal.command.DbClean cleanSchema
INFO: Successfully cleaned schema "public" (execution time 00:00.062s)
авг. 11, 2019 7:25:41 PM org.flywaydb.core.internal.command.DbValidate validate
INFO: Successfully validated 2 migrations (execution time 00:00.038s)
авг. 11, 2019 7:25:41 PM org.flywaydb.core.internal.schemahistory.JdbcTableSchemaHistory create
INFO: Creating Schema History table "public"."flyway_schema_history" ...
авг. 11, 2019 7:25:41 PM org.flywaydb.core.internal.command.DbMigrate migrateGroup
INFO: Current version of schema "public": << Empty Schema >>
авг. 11, 2019 7:25:41 PM org.flywaydb.core.internal.command.DbMigrate doMigrateGroup
INFO: Migrating schema "public" to version 1.2 - Create tables
авг. 11, 2019 7:25:41 PM org.flywaydb.core.internal.command.DbMigrate doMigrateGroup
INFO: Migrating schema "public" to version 1.3 - Fill tables
авг. 11, 2019 7:25:41 PM org.flywaydb.core.internal.command.DbMigrate logSummary
INFO: Successfully applied 2 migrations to schema "public" (execution time 00:00.171s)
]]></system-err>
</testsuite>
